#
# A fatal error has been detected by the Java Runtime Environment:
#
#  Internal Error (0xc000000d), pid=19328, tid=15544
#
# JRE version: Java(TM) SE Runtime Environment (14.0.2+12) (build 14.0.2+12-46)
# Java VM: Java HotSpot(TM) 64-Bit Server VM (14.0.2+12-46, mixed mode, sharing, tiered, compressed oops, g1 gc, windows-amd64)
# Problematic frame:
# C  [ntdll.dll+0x10f010]
#
# No core dump will be written. Minidumps are not enabled by default on client versions of Windows
#
# If you would like to submit a bug report, please visit:
#   https://bugreport.java.com/bugreport/crash.jsp
#

---------------  S U M M A R Y ------------

Command Line: -Dfile.encoding=UTF-8 --module-path=D:\SoftWare Engg\eMeds\build\classes UploadMedicalRecords

Host: Intel(R) Core(TM) i3-7020U CPU @ 2.30GHz, 4 cores, 7G,  Windows 10 , 64 bit Build 18362 (10.0.18362.1316)
Time: Wed Feb  3 01:29:56 2021 India Standard Time elapsed time: 96 seconds (0d 0h 1m 36s)

---------------  T H R E A D  ---------------

Current thread (0x00000267df76b800):  VMThread "VM Thread" [stack: 0x000000f319b00000,0x000000f319c00000] [id=15544]

Stack: [0x000000f319b00000,0x000000f319c00000],  sp=0x000000f319bfe6a0,  free space=1017k
Native frames: (J=compiled Java code, j=interpreted, Vv=VM code, C=native code)
C  [ntdll.dll+0x10f010]
C  [ntdll.dll+0x3653b]
C  [ntdll.dll+0x36584]
C  [RTWorkQ.DLL+0xa7a9]


siginfo: EXCEPTION_?? (0xc000000d)


Register to memory mapping:

RIP=0x00007ffe07d4f010 ntdll.dll
RAX=0x0 is NULL
RBX=0x00000267e0be3b30 points into unknown readable memory: 01 00 00 00 00 00 00 00
RCX=0x0 is NULL
RDX=0x0 is NULL
RSP=0x000000f319bfe6a0 points into unknown readable memory: 57 00 00 00 00 00 00 00
RBP=0x00000267e2441b50 points into unknown readable memory: 08 80 74 fd fd 7f 00 00
RSI=0x00000267e2441d88 points into unknown readable memory: 40 84 74 fd fd 7f 00 00
RDI=0x00000267e2443900 points into unknown readable memory: 00 00 00 00 00 00 00 00
R8 =0x000000f319bfcd00 points into unknown readable memory: 30 cd bf 19 f3 00 00 00
R9 =0x0000f7960302e914 is an unknown value
R10=0x00007ffd8de19550 jvm.dll
R11=0x00000267df753090 points into unknown readable memory: 00 00 00 00 00 00 00 00
R12=0x0 is NULL
R13=0x0 is NULL
R14=0x00000267e244f080 points into unknown readable memory: 20 86 74 fd fd 7f 00 00
R15=0x00000267e2451200 points into unknown readable memory: d0 85 74 fd fd 7f 00 00


Registers:
RAX=0x0000000000000000, RBX=0x00000267e0be3b30, RCX=0x0000000000000000, RDX=0x0000000000000000
RSP=0x000000f319bfe6a0, RBP=0x00000267e2441b50, RSI=0x00000267e2441d88, RDI=0x00000267e2443900
R8 =0x000000f319bfcd00, R9 =0x0000f7960302e914, R10=0x00007ffd8de19550, R11=0x00000267df753090
R12=0x0000000000000000, R13=0x0000000000000000, R14=0x00000267e244f080, R15=0x00000267e2451200
RIP=0x00007ffe07d4f010, EFLAGS=0x0000000000000202

Top of Stack: (sp=0x000000f319bfe6a0)
0x000000f319bfe6a0:   0000000000000057 00000267e0be3b30
0x000000f319bfe6b0:   00000267e2441d88 0000000000000000
0x000000f319bfe6c0:   00000000c000000d 0000000000000000
0x000000f319bfe6d0:   00007ffe07d4f010 0000000000000000
0x000000f319bfe6e0:   0000000000000000 0000000000000000
0x000000f319bfe6f0:   0000000000000000 0000000000000000
0x000000f319bfe700:   0000000000000000 0000000000000000
0x000000f319bfe710:   0000000000000000 0000000000000000
0x000000f319bfe720:   0000000000000000 0000000000000000
0x000000f319bfe730:   0000000000000000 0000000000000000
0x000000f319bfe740:   0000000000000000 0000000000000000
0x000000f319bfe750:   0000000000000000 00000267e0a8aac0
0x000000f319bfe760:   000057e9d7d76bc5 00007ffe072c4170
0x000000f319bfe770:   0000000000000000 00007ffe07c7653b
0x000000f319bfe780:   0000000000000740 00007ffe04c0dd05
0x000000f319bfe790:   00007ffe072c4170 0000000000000001 

Instructions: (pc=0x00007ffe07d4f010)
0x00007ffe07d4ef10:   5f c3 cc cc cc cc cc cc 48 81 ec d8 00 00 00 48
0x00007ffe07d4ef20:   8b 05 ba e5 06 00 48 33 c4 48 89 84 24 c0 00 00
0x00007ffe07d4ef30:   00 4d 85 c0 74 33 4d 8b 48 50 48 8d 05 bf fa f1
0x00007ffe07d4ef40:   ff c7 44 24 38 05 00 00 00 4c 3b c8 75 0a 49 8b
0x00007ffe07d4ef50:   40 58 4c 8b 50 20 eb 03 45 33 d2 4d 85 d2 4d 0f
0x00007ffe07d4ef60:   45 ca 4c 89 4c 24 60 eb 08 c7 44 24 38 04 00 00
0x00007ffe07d4ef70:   00 48 83 64 24 28 00 48 83 64 24 58 00 48 63 c1
0x00007ffe07d4ef80:   48 8d 4c 24 20 48 89 44 24 40 c7 44 24 20 0a 07
0x00007ffe07d4ef90:   00 c0 48 89 54 24 48 4c 89 44 24 50 c7 44 24 24
0x00007ffe07d4efa0:   01 00 00 00 e8 47 b5 f5 ff 48 8b 8c 24 c0 00 00
0x00007ffe07d4efb0:   00 48 33 cc e8 f7 d7 f7 ff 48 81 c4 d8 00 00 00
0x00007ffe07d4efc0:   c3 cc cc cc cc cc cc cc 48 81 ec d8 00 00 00 48
0x00007ffe07d4efd0:   8b 05 0a e5 06 00 48 33 c4 48 89 84 24 c0 00 00
0x00007ffe07d4efe0:   00 33 d2 41 b8 94 00 00 00 48 8d 4c 24 24 e8 0d
0x00007ffe07d4eff0:   46 f9 ff c7 44 24 20 0d 00 00 c0 b9 57 00 00 00
0x00007ffe07d4f000:   e8 8b 4b f4 ff 90 48 8d 4c 24 20 e8 e0 b4 f5 ff
0x00007ffe07d4f010:   eb 00 48 8b 8c 24 c0 00 00 00 48 33 cc e8 8e d7
0x00007ffe07d4f020:   f7 ff 48 81 c4 d8 00 00 00 c3 40 55 48 83 ec 20
0x00007ffe07d4f030:   48 8b ea e8 10 00 00 00 90 48 83 c4 20 5d c3 cc
0x00007ffe07d4f040:   cc cc cc cc cc cc cc cc 48 83 ec 28 48 8b 51 08
0x00007ffe07d4f050:   41 b8 03 00 00 00 48 8b 09 e8 c2 c8 fc ff 33 c0
0x00007ffe07d4f060:   48 83 c4 28 c3 cc cc cc cc cc cc cc 48 8b 01 48
0x00007ffe07d4f070:   83 c9 ff 8b 10 e9 e6 db f8 ff cc cc cc cc cc cc
0x00007ffe07d4f080:   4c 8b dc 48 81 ec 88 00 00 00 48 8b 05 4f e4 06
0x00007ffe07d4f090:   00 48 33 c4 48 89 44 24 70 48 8b 84 24 b0 00 00
0x00007ffe07d4f0a0:   00 41 ba 24 1c 00 00 49 89 43 d8 8b 84 24 b8 00
0x00007ffe07d4f0b0:   00 00 66 45 89 53 9e 49 89 4b b8 49 89 53 c0 4d
0x00007ffe07d4f0c0:   89 43 c8 4d 89 4b d0 89 44 24 68 e8 b0 16 f3 ff
0x00007ffe07d4f0d0:   85 c0 74 19 65 48 8b 04 25 60 00 00 00 48 8b 88
0x00007ffe07d4f0e0:   90 00 00 00 48 81 c1 2c 02 00 00 eb 05 b9 86 03
0x00007ffe07d4f0f0:   fe 7f 0f b6 09 4c 8d 4c 24 20 ba 03 04 00 00 41
0x00007ffe07d4f100:   b8 2c 00 00 00 e8 86 e1 f8 ff 48 8b 4c 24 70 48 


Stack slot to memory mapping:
stack at sp + 0 slots: 0x0000000000000057 is an unknown value
stack at sp + 1 slots: 0x00000267e0be3b30 points into unknown readable memory: 01 00 00 00 00 00 00 00
stack at sp + 2 slots: 0x00000267e2441d88 points into unknown readable memory: 40 84 74 fd fd 7f 00 00
stack at sp + 3 slots: 0x0 is NULL
stack at sp + 4 slots: 
[error occurred during error reporting (inspecting top of stack), id 0xc0000005, EXCEPTION_ACCESS_VIOLATION (0xc0000005) at pc=0x00007ffd8d981c94]

VM_Operation (0x000000f31aafe900): Exit, mode: safepoint, requested by thread 0x00000267e0705800


---------------  P R O C E S S  ---------------

Threads class SMR info:
_java_thread_list=0x00000267e03f6480, length=15, elements={
0x00000267df793000, 0x00000267df794800, 0x00000267df7a9000, 0x00000267df7ac000,
0x00000267df7ae000, 0x00000267df7b0800, 0x00000267df7b6800, 0x00000267df7c1000,
0x00000267e01eb800, 0x00000267e0271800, 0x00000267e04c3000, 0x00000267e04c4000,
0x00000267e0705800, 0x00000267c0f9b800, 0x00000267e08fe800
}

Java Threads: ( => current thread )
  0x00000267df793000 JavaThread "Reference Handler" daemon [_thread_blocked, id=11296, stack(0x000000f319c00000,0x000000f319d00000)]
  0x00000267df794800 JavaThread "Finalizer" daemon [_thread_blocked, id=14024, stack(0x000000f319d00000,0x000000f319e00000)]
  0x00000267df7a9000 JavaThread "Signal Dispatcher" daemon [_thread_blocked, id=4824, stack(0x000000f319e00000,0x000000f319f00000)]
  0x00000267df7ac000 JavaThread "Attach Listener" daemon [_thread_blocked, id=17868, stack(0x000000f319f00000,0x000000f31a000000)]
  0x00000267df7ae000 JavaThread "Service Thread" daemon [_thread_blocked, id=7132, stack(0x000000f31a000000,0x000000f31a100000)]
  0x00000267df7b0800 JavaThread "C2 CompilerThread0" daemon [_thread_blocked, id=3916, stack(0x000000f31a100000,0x000000f31a200000)]
  0x00000267df7b6800 JavaThread "C1 CompilerThread0" daemon [_thread_blocked, id=14100, stack(0x000000f31a200000,0x000000f31a300000)]
  0x00000267df7c1000 JavaThread "Sweeper thread" daemon [_thread_blocked, id=17136, stack(0x000000f31a300000,0x000000f31a400000)]
  0x00000267e01eb800 JavaThread "Common-Cleaner" daemon [_thread_blocked, id=15648, stack(0x000000f31a400000,0x000000f31a500000)]
  0x00000267e0271800 JavaThread "Notification Thread" daemon [_thread_blocked, id=18340, stack(0x000000f31a500000,0x000000f31a600000)]
  0x00000267e04c3000 JavaThread "Java2D Disposer" daemon [_thread_blocked, id=17380, stack(0x000000f31a700000,0x000000f31a800000)]
  0x00000267e04c4000 JavaThread "AWT-Shutdown" [_thread_blocked, id=13596, stack(0x000000f31a800000,0x000000f31a900000)]
  0x00000267e0705800 JavaThread "AWT-EventQueue-0" [_thread_blocked, id=14584, stack(0x000000f31aa00000,0x000000f31ab00000)]
  0x00000267c0f9b800 JavaThread "DestroyJavaVM" [_thread_blocked, id=9544, stack(0x000000f319500000,0x000000f319600000)]
  0x00000267e08fe800 JavaThread "TimerQueue" daemon [_thread_blocked, id=18216, stack(0x000000f31ab00000,0x000000f31ac00000)]

Other Threads:
=>0x00000267df76b800 VMThread "VM Thread" [stack: 0x000000f319b00000,0x000000f319c00000] [id=15544]
  0x00000267c0fdd000 GCTaskThread "GC Thread#0" [stack: 0x000000f319600000,0x000000f319700000] [id=10644]
  0x00000267e08b1000 GCTaskThread "GC Thread#1" [stack: 0x000000f319200000,0x000000f319300000] [id=16508]
  0x00000267e03fb000 GCTaskThread "GC Thread#2" [stack: 0x000000f319300000,0x000000f319400000] [id=16812]
  0x00000267e03fc000 GCTaskThread "GC Thread#3" [stack: 0x000000f319400000,0x000000f319500000] [id=13584]
  0x00000267c0ff1800 ConcurrentGCThread "G1 Main Marker" [stack: 0x000000f319700000,0x000000f319800000] [id=14936]
  0x00000267c0ff4000 ConcurrentGCThread "G1 Conc#0" [stack: 0x000000f319800000,0x000000f319900000] [id=2832]
  0x00000267c106e800 ConcurrentGCThread "G1 Refine#0" [stack: 0x000000f319900000,0x000000f319a00000] [id=7336]
  0x00000267e03fc800 ConcurrentGCThread "G1 Refine#1" [stack: 0x000000f31ae00000,0x000000f31af00000] [id=18312]
  0x00000267df5e4000 ConcurrentGCThread "G1 Young RemSet Sampling" [stack: 0x000000f319a00000,0x000000f319b00000] [id=16492]

Threads with active compile tasks:

VM state:at safepoint (shutting down)

VM Mutex/Monitor currently owned by a thread:  ([mutex/lock_event])
[0x00000267c0f98880] Threads_lock - owner thread: 0x00000267df76b800
[0x00000267c0f98a30] Heap_lock - owner thread: 0x00000267e0705800

Heap address: 0x0000000081600000, size: 2026 MB, Compressed Oops mode: 32-bit
Narrow klass base: 0x0000000800000000, Narrow klass shift: 3
Compressed class space size: 1073741824 Address: 0x0000000800b30000

Heap:
 garbage-first heap   total 131072K, used 10004K [0x0000000081600000, 0x0000000100000000)
  region size 1024K, 8 young (8192K), 2 survivors (2048K)
 Metaspace       used 13884K, capacity 14189K, committed 14336K, reserved 1062912K
  class space    used 1580K, capacity 1720K, committed 1792K, reserved 1048576K
Heap Regions: E=young(eden), S=young(survivor), O=old, HS=humongous(starts), HC=humongous(continues), CS=collection set, F=free, OA=open archive, CA=closed archive, TAMS=top-at-mark-start (previous, next)
|   0|0x0000000081600000, 0x0000000081700000, 0x0000000081700000|100%|HS|  |TAMS 0x0000000081600000, 0x0000000081600000| Complete 
|   1|0x0000000081700000, 0x0000000081800000, 0x0000000081800000|100%| O|  |TAMS 0x0000000081700000, 0x0000000081700000| Untracked 
|   2|0x0000000081800000, 0x00000000818c5200, 0x0000000081900000| 77%| O|  |TAMS 0x0000000081800000, 0x0000000081800000| Untracked 
|   3|0x0000000081900000, 0x0000000081900000, 0x0000000081a00000|  0%| F|  |TAMS 0x0000000081900000, 0x0000000081900000| Untracked 
|   4|0x0000000081a00000, 0x0000000081a00000, 0x0000000081b00000|  0%| F|  |TAMS 0x0000000081a00000, 0x0000000081a00000| Untracked 
|   5|0x0000000081b00000, 0x0000000081b00000, 0x0000000081c00000|  0%| F|  |TAMS 0x0000000081b00000, 0x0000000081b00000| Untracked 
|   6|0x0000000081c00000, 0x0000000081c00000, 0x0000000081d00000|  0%| F|  |TAMS 0x0000000081c00000, 0x0000000081c00000| Untracked 
|   7|0x0000000081d00000, 0x0000000081d00000, 0x0000000081e00000|  0%| F|  |TAMS 0x0000000081d00000, 0x0000000081d00000| Untracked 
|   8|0x0000000081e00000, 0x0000000081e00000, 0x0000000081f00000|  0%| F|  |TAMS 0x0000000081e00000, 0x0000000081e00000| Untracked 
|   9|0x0000000081f00000, 0x0000000081f00000, 0x0000000082000000|  0%| F|  |TAMS 0x0000000081f00000, 0x0000000081f00000| Untracked 
|  10|0x0000000082000000, 0x0000000082000000, 0x0000000082100000|  0%| F|  |TAMS 0x0000000082000000, 0x0000000082000000| Untracked 
|  11|0x0000000082100000, 0x0000000082100000, 0x0000000082200000|  0%| F|  |TAMS 0x0000000082100000, 0x0000000082100000| Untracked 
|  12|0x0000000082200000, 0x0000000082200000, 0x0000000082300000|  0%| F|  |TAMS 0x0000000082200000, 0x0000000082200000| Untracked 
|  13|0x0000000082300000, 0x0000000082300000, 0x0000000082400000|  0%| F|  |TAMS 0x0000000082300000, 0x0000000082300000| Untracked 
|  14|0x0000000082400000, 0x0000000082400000, 0x0000000082500000|  0%| F|  |TAMS 0x0000000082400000, 0x0000000082400000| Untracked 
|  15|0x0000000082500000, 0x0000000082500000, 0x0000000082600000|  0%| F|  |TAMS 0x0000000082500000, 0x0000000082500000| Untracked 
|  16|0x0000000082600000, 0x0000000082600000, 0x0000000082700000|  0%| F|  |TAMS 0x0000000082600000, 0x0000000082600000| Untracked 
|  17|0x0000000082700000, 0x0000000082700000, 0x0000000082800000|  0%| F|  |TAMS 0x0000000082700000, 0x0000000082700000| Untracked 
|  18|0x0000000082800000, 0x0000000082800000, 0x0000000082900000|  0%| F|  |TAMS 0x0000000082800000, 0x0000000082800000| Untracked 
|  19|0x0000000082900000, 0x0000000082900000, 0x0000000082a00000|  0%| F|  |TAMS 0x0000000082900000, 0x0000000082900000| Untracked 
|  20|0x0000000082a00000, 0x0000000082a00000, 0x0000000082b00000|  0%| F|  |TAMS 0x0000000082a00000, 0x0000000082a00000| Untracked 
|  21|0x0000000082b00000, 0x0000000082b00000, 0x0000000082c00000|  0%| F|  |TAMS 0x0000000082b00000, 0x0000000082b00000| Untracked 
|  22|0x0000000082c00000, 0x0000000082c00000, 0x0000000082d00000|  0%| F|  |TAMS 0x0000000082c00000, 0x0000000082c00000| Untracked 
|  23|0x0000000082d00000, 0x0000000082d00000, 0x0000000082e00000|  0%| F|  |TAMS 0x0000000082d00000, 0x0000000082d00000| Untracked 
|  24|0x0000000082e00000, 0x0000000082e00000, 0x0000000082f00000|  0%| F|  |TAMS 0x0000000082e00000, 0x0000000082e00000| Untracked 
|  25|0x0000000082f00000, 0x0000000082f00000, 0x0000000083000000|  0%| F|  |TAMS 0x0000000082f00000, 0x0000000082f00000| Untracked 
|  26|0x0000000083000000, 0x0000000083000000, 0x0000000083100000|  0%| F|  |TAMS 0x0000000083000000, 0x0000000083000000| Untracked 
|  27|0x0000000083100000, 0x0000000083100000, 0x0000000083200000|  0%| F|  |TAMS 0x0000000083100000, 0x0000000083100000| Untracked 
|  28|0x0000000083200000, 0x0000000083200000, 0x0000000083300000|  0%| F|  |TAMS 0x0000000083200000, 0x0000000083200000| Untracked 
|  29|0x0000000083300000, 0x0000000083300000, 0x0000000083400000|  0%| F|  |TAMS 0x0000000083300000, 0x0000000083300000| Untracked 
|  30|0x0000000083400000, 0x0000000083400000, 0x0000000083500000|  0%| F|  |TAMS 0x0000000083400000, 0x0000000083400000| Untracked 
|  31|0x0000000083500000, 0x0000000083500000, 0x0000000083600000|  0%| F|  |TAMS 0x0000000083500000, 0x0000000083500000| Untracked 
|  32|0x0000000083600000, 0x0000000083600000, 0x0000000083700000|  0%| F|  |TAMS 0x0000000083600000, 0x0000000083600000| Untracked 
|  33|0x0000000083700000, 0x0000000083700000, 0x0000000083800000|  0%| F|  |TAMS 0x0000000083700000, 0x0000000083700000| Untracked 
|  34|0x0000000083800000, 0x0000000083800000, 0x0000000083900000|  0%| F|  |TAMS 0x0000000083800000, 0x0000000083800000| Untracked 
|  35|0x0000000083900000, 0x0000000083900000, 0x0000000083a00000|  0%| F|  |TAMS 0x0000000083900000, 0x0000000083900000| Untracked 
|  36|0x0000000083a00000, 0x0000000083a00000, 0x0000000083b00000|  0%| F|  |TAMS 0x0000000083a00000, 0x0000000083a00000| Untracked 
|  37|0x0000000083b00000, 0x0000000083b00000, 0x0000000083c00000|  0%| F|  |TAMS 0x0000000083b00000, 0x0000000083b00000| Untracked 
|  38|0x0000000083c00000, 0x0000000083c00000, 0x0000000083d00000|  0%| F|  |TAMS 0x0000000083c00000, 0x0000000083c00000| Untracked 
|  39|0x0000000083d00000, 0x0000000083d00000, 0x0000000083e00000|  0%| F|  |TAMS 0x0000000083d00000, 0x0000000083d00000| Untracked 
|  40|0x0000000083e00000, 0x0000000083e00000, 0x0000000083f00000|  0%| F|  |TAMS 0x0000000083e00000, 0x0000000083e00000| Untracked 
|  41|0x0000000083f00000, 0x0000000083f00000, 0x0000000084000000|  0%| F|  |TAMS 0x0000000083f00000, 0x0000000083f00000| Untracked 
|  42|0x0000000084000000, 0x0000000084000000, 0x0000000084100000|  0%| F|  |TAMS 0x0000000084000000, 0x0000000084000000| Untracked 
|  43|0x0000000084100000, 0x0000000084100000, 0x0000000084200000|  0%| F|  |TAMS 0x0000000084100000, 0x0000000084100000| Untracked 
|  44|0x0000000084200000, 0x0000000084200000, 0x0000000084300000|  0%| F|  |TAMS 0x0000000084200000, 0x0000000084200000| Untracked 
|  45|0x0000000084300000, 0x0000000084300000, 0x0000000084400000|  0%| F|  |TAMS 0x0000000084300000, 0x0000000084300000| Untracked 
|  46|0x0000000084400000, 0x0000000084400000, 0x0000000084500000|  0%| F|  |TAMS 0x0000000084400000, 0x0000000084400000| Untracked 
|  47|0x0000000084500000, 0x0000000084500000, 0x0000000084600000|  0%| F|  |TAMS 0x0000000084500000, 0x0000000084500000| Untracked 
|  48|0x0000000084600000, 0x0000000084600000, 0x0000000084700000|  0%| F|  |TAMS 0x0000000084600000, 0x0000000084600000| Untracked 
|  49|0x0000000084700000, 0x0000000084700000, 0x0000000084800000|  0%| F|  |TAMS 0x0000000084700000, 0x0000000084700000| Untracked 
|  50|0x0000000084800000, 0x0000000084800000, 0x0000000084900000|  0%| F|  |TAMS 0x0000000084800000, 0x0000000084800000| Untracked 
|  51|0x0000000084900000, 0x0000000084900000, 0x0000000084a00000|  0%| F|  |TAMS 0x0000000084900000, 0x0000000084900000| Untracked 
|  52|0x0000000084a00000, 0x0000000084a00000, 0x0000000084b00000|  0%| F|  |TAMS 0x0000000084a00000, 0x0000000084a00000| Untracked 
|  53|0x0000000084b00000, 0x0000000084b00000, 0x0000000084c00000|  0%| F|  |TAMS 0x0000000084b00000, 0x0000000084b00000| Untracked 
|  54|0x0000000084c00000, 0x0000000084c00000, 0x0000000084d00000|  0%| F|  |TAMS 0x0000000084c00000, 0x0000000084c00000| Untracked 
|  55|0x0000000084d00000, 0x0000000084d00000, 0x0000000084e00000|  0%| F|  |TAMS 0x0000000084d00000, 0x0000000084d00000| Untracked 
|  56|0x0000000084e00000, 0x0000000084e00000, 0x0000000084f00000|  0%| F|  |TAMS 0x0000000084e00000, 0x0000000084e00000| Untracked 
|  57|0x0000000084f00000, 0x0000000084f00000, 0x0000000085000000|  0%| F|  |TAMS 0x0000000084f00000, 0x0000000084f00000| Untracked 
|  58|0x0000000085000000, 0x0000000085000000, 0x0000000085100000|  0%| F|  |TAMS 0x0000000085000000, 0x0000000085000000| Untracked 
|  59|0x0000000085100000, 0x0000000085100000, 0x0000000085200000|  0%| F|  |TAMS 0x0000000085100000, 0x0000000085100000| Untracked 
|  60|0x0000000085200000, 0x0000000085200000, 0x0000000085300000|  0%| F|  |TAMS 0x0000000085200000, 0x0000000085200000| Untracked 
|  61|0x0000000085300000, 0x0000000085300000, 0x0000000085400000|  0%| F|  |TAMS 0x0000000085300000, 0x0000000085300000| Untracked 
|  62|0x0000000085400000, 0x0000000085400000, 0x0000000085500000|  0%| F|  |TAMS 0x0000000085400000, 0x0000000085400000| Untracked 
|  63|0x0000000085500000, 0x0000000085500000, 0x0000000085600000|  0%| F|  |TAMS 0x0000000085500000, 0x0000000085500000| Untracked 
|  64|0x0000000085600000, 0x0000000085600000, 0x0000000085700000|  0%| F|  |TAMS 0x0000000085600000, 0x0000000085600000| Untracked 
|  65|0x0000000085700000, 0x0000000085700000, 0x0000000085800000|  0%| F|  |TAMS 0x0000000085700000, 0x0000000085700000| Untracked 
|  66|0x0000000085800000, 0x0000000085800000, 0x0000000085900000|  0%| F|  |TAMS 0x0000000085800000, 0x0000000085800000| Untracked 
|  67|0x0000000085900000, 0x0000000085900000, 0x0000000085a00000|  0%| F|  |TAMS 0x0000000085900000, 0x0000000085900000| Untracked 
|  68|0x0000000085a00000, 0x0000000085a00000, 0x0000000085b00000|  0%| F|  |TAMS 0x0000000085a00000, 0x0000000085a00000| Untracked 
|  69|0x0000000085b00000, 0x0000000085b00000, 0x0000000085c00000|  0%| F|  |TAMS 0x0000000085b00000, 0x0000000085b00000| Untracked 
|  70|0x0000000085c00000, 0x0000000085c00000, 0x0000000085d00000|  0%| F|  |TAMS 0x0000000085c00000, 0x0000000085c00000| Untracked 
|  71|0x0000000085d00000, 0x0000000085d00000, 0x0000000085e00000|  0%| F|  |TAMS 0x0000000085d00000, 0x0000000085d00000| Untracked 
|  72|0x0000000085e00000, 0x0000000085e00000, 0x0000000085f00000|  0%| F|  |TAMS 0x0000000085e00000, 0x0000000085e00000| Untracked 
|  73|0x0000000085f00000, 0x0000000085f00000, 0x0000000086000000|  0%| F|  |TAMS 0x0000000085f00000, 0x0000000085f00000| Untracked 
|  74|0x0000000086000000, 0x0000000086000000, 0x0000000086100000|  0%| F|  |TAMS 0x0000000086000000, 0x0000000086000000| Untracked 
|  75|0x0000000086100000, 0x0000000086100000, 0x0000000086200000|  0%| F|  |TAMS 0x0000000086100000, 0x0000000086100000| Untracked 
|  76|0x0000000086200000, 0x0000000086200000, 0x0000000086300000|  0%| F|  |TAMS 0x0000000086200000, 0x0000000086200000| Untracked 
|  77|0x0000000086300000, 0x0000000086300000, 0x0000000086400000|  0%| F|  |TAMS 0x0000000086300000, 0x0000000086300000| Untracked 
|  78|0x0000000086400000, 0x0000000086400000, 0x0000000086500000|  0%| F|  |TAMS 0x0000000086400000, 0x0000000086400000| Untracked 
|  79|0x0000000086500000, 0x0000000086500000, 0x0000000086600000|  0%| F|  |TAMS 0x0000000086500000, 0x0000000086500000| Untracked 
|  80|0x0000000086600000, 0x0000000086600000, 0x0000000086700000|  0%| F|  |TAMS 0x0000000086600000, 0x0000000086600000| Untracked 
|  81|0x0000000086700000, 0x0000000086700000, 0x0000000086800000|  0%| F|  |TAMS 0x0000000086700000, 0x0000000086700000| Untracked 
|  82|0x0000000086800000, 0x0000000086800000, 0x0000000086900000|  0%| F|  |TAMS 0x0000000086800000, 0x0000000086800000| Untracked 
|  83|0x0000000086900000, 0x0000000086900000, 0x0000000086a00000|  0%| F|  |TAMS 0x0000000086900000, 0x0000000086900000| Untracked 
|  84|0x0000000086a00000, 0x0000000086a00000, 0x0000000086b00000|  0%| F|  |TAMS 0x0000000086a00000, 0x0000000086a00000| Untracked 
|  85|0x0000000086b00000, 0x0000000086b00000, 0x0000000086c00000|  0%| F|  |TAMS 0x0000000086b00000, 0x0000000086b00000| Untracked 
|  86|0x0000000086c00000, 0x0000000086c00000, 0x0000000086d00000|  0%| F|  |TAMS 0x0000000086c00000, 0x0000000086c00000| Untracked 
|  87|0x0000000086d00000, 0x0000000086d00000, 0x0000000086e00000|  0%| F|  |TAMS 0x0000000086d00000, 0x0000000086d00000| Untracked 
|  88|0x0000000086e00000, 0x0000000086e00000, 0x0000000086f00000|  0%| F|  |TAMS 0x0000000086e00000, 0x0000000086e00000| Untracked 
|  89|0x0000000086f00000, 0x0000000086f00000, 0x0000000087000000|  0%| F|  |TAMS 0x0000000086f00000, 0x0000000086f00000| Untracked 
|  90|0x0000000087000000, 0x0000000087000000, 0x0000000087100000|  0%| F|  |TAMS 0x0000000087000000, 0x0000000087000000| Untracked 
|  91|0x0000000087100000, 0x0000000087100000, 0x0000000087200000|  0%| F|  |TAMS 0x0000000087100000, 0x0000000087100000| Untracked 
|  92|0x0000000087200000, 0x0000000087200000, 0x0000000087300000|  0%| F|  |TAMS 0x0000000087200000, 0x0000000087200000| Untracked 
|  93|0x0000000087300000, 0x0000000087300000, 0x0000000087400000|  0%| F|  |TAMS 0x0000000087300000, 0x0000000087300000| Untracked 
|  94|0x0000000087400000, 0x0000000087400000, 0x0000000087500000|  0%| F|  |TAMS 0x0000000087400000, 0x0000000087400000| Untracked 
|  95|0x0000000087500000, 0x0000000087500000, 0x0000000087600000|  0%| F|  |TAMS 0x0000000087500000, 0x0000000087500000| Untracked 
|  96|0x0000000087600000, 0x0000000087600000, 0x0000000087700000|  0%| F|  |TAMS 0x0000000087600000, 0x0000000087600000| Untracked 
|  97|0x0000000087700000, 0x0000000087700000, 0x0000000087800000|  0%| F|  |TAMS 0x0000000087700000, 0x0000000087700000| Untracked 
|  98|0x0000000087800000, 0x0000000087800000, 0x0000000087900000|  0%| F|  |TAMS 0x0000000087800000, 0x0000000087800000| Untracked 
|  99|0x0000000087900000, 0x0000000087900000, 0x0000000087a00000|  0%| F|  |TAMS 0x0000000087900000, 0x0000000087900000| Untracked 
| 100|0x0000000087a00000, 0x0000000087a00000, 0x0000000087b00000|  0%| F|  |TAMS 0x0000000087a00000, 0x0000000087a00000| Untracked 
| 101|0x0000000087b00000, 0x0000000087b00000, 0x0000000087c00000|  0%| F|  |TAMS 0x0000000087b00000, 0x0000000087b00000| Untracked 
| 102|0x0000000087c00000, 0x0000000087c00000, 0x0000000087d00000|  0%| F|  |TAMS 0x0000000087c00000, 0x0000000087c00000| Untracked 
| 103|0x0000000087d00000, 0x0000000087d00000, 0x0000000087e00000|  0%| F|  |TAMS 0x0000000087d00000, 0x0000000087d00000| Untracked 
| 104|0x0000000087e00000, 0x0000000087e00000, 0x0000000087f00000|  0%| F|  |TAMS 0x0000000087e00000, 0x0000000087e00000| Untracked 
| 105|0x0000000087f00000, 0x0000000087f00000, 0x0000000088000000|  0%| F|  |TAMS 0x0000000087f00000, 0x0000000087f00000| Untracked 
| 106|0x0000000088000000, 0x0000000088000000, 0x0000000088100000|  0%| F|  |TAMS 0x0000000088000000, 0x0000000088000000| Untracked 
| 107|0x0000000088100000, 0x0000000088100000, 0x0000000088200000|  0%| F|  |TAMS 0x0000000088100000, 0x0000000088100000| Untracked 
| 108|0x0000000088200000, 0x0000000088200000, 0x0000000088300000|  0%| F|  |TAMS 0x0000000088200000, 0x0000000088200000| Untracked 
| 109|0x0000000088300000, 0x0000000088300000, 0x0000000088400000|  0%| F|  |TAMS 0x0000000088300000, 0x0000000088300000| Untracked 
| 110|0x0000000088400000, 0x0000000088400000, 0x0000000088500000|  0%| F|  |TAMS 0x0000000088400000, 0x0000000088400000| Untracked 
| 111|0x0000000088500000, 0x0000000088500000, 0x0000000088600000|  0%| F|  |TAMS 0x0000000088500000, 0x0000000088500000| Untracked 
| 112|0x0000000088600000, 0x0000000088600000, 0x0000000088700000|  0%| F|  |TAMS 0x0000000088600000, 0x0000000088600000| Untracked 
| 113|0x0000000088700000, 0x0000000088800000, 0x0000000088800000|100%| S|CS|TAMS 0x0000000088700000, 0x0000000088700000| Complete 
| 114|0x0000000088800000, 0x0000000088900000, 0x0000000088900000|100%| S|CS|TAMS 0x0000000088800000, 0x0000000088800000| Complete 
| 115|0x0000000088900000, 0x0000000088900000, 0x0000000088a00000|  0%| F|  |TAMS 0x0000000088900000, 0x0000000088900000| Untracked 
| 116|0x0000000088a00000, 0x0000000088a00000, 0x0000000088b00000|  0%| F|  |TAMS 0x0000000088a00000, 0x0000000088a00000| Untracked 
| 117|0x0000000088b00000, 0x0000000088b00000, 0x0000000088c00000|  0%| F|  |TAMS 0x0000000088b00000, 0x0000000088b00000| Untracked 
| 118|0x0000000088c00000, 0x0000000088c00000, 0x0000000088d00000|  0%| F|  |TAMS 0x0000000088c00000, 0x0000000088c00000| Untracked 
| 119|0x0000000088d00000, 0x0000000088d00000, 0x0000000088e00000|  0%| F|  |TAMS 0x0000000088d00000, 0x0000000088d00000| Untracked 
| 120|0x0000000088e00000, 0x0000000088e00000, 0x0000000088f00000|  0%| F|  |TAMS 0x0000000088e00000, 0x0000000088e00000| Untracked 
| 121|0x0000000088f00000, 0x0000000088f00000, 0x0000000089000000|  0%| F|  |TAMS 0x0000000088f00000, 0x0000000088f00000| Untracked 
| 122|0x0000000089000000, 0x000000008909d4c8, 0x0000000089100000| 61%| E|  |TAMS 0x0000000089000000, 0x0000000089000000| Complete 
| 123|0x0000000089100000, 0x0000000089200000, 0x0000000089200000|100%| E|CS|TAMS 0x0000000089100000, 0x0000000089100000| Complete 
| 124|0x0000000089200000, 0x0000000089300000, 0x0000000089300000|100%| E|CS|TAMS 0x0000000089200000, 0x0000000089200000| Complete 
| 125|0x0000000089300000, 0x0000000089400000, 0x0000000089400000|100%| E|CS|TAMS 0x0000000089300000, 0x0000000089300000| Complete 
| 126|0x0000000089400000, 0x0000000089500000, 0x0000000089500000|100%| E|CS|TAMS 0x0000000089400000, 0x0000000089400000| Complete 
| 127|0x0000000089500000, 0x0000000089600000, 0x0000000089600000|100%| E|CS|TAMS 0x0000000089500000, 0x0000000089500000| Complete 

Card table byte_map: [0x00000267d8b40000,0x00000267d8f40000] _byte_map_base: 0x00000267d8735000

Marking Bits (Prev, Next): (CMBitMap*) 0x00000267c0fdea38, (CMBitMap*) 0x00000267c0fdea78
 Prev Bits: [0x00000267d9340000, 0x00000267db2e8000)
 Next Bits: [0x00000267db2f0000, 0x00000267dd298000)

Polling page: 0x00000267befb0000

Metaspace:

Usage:
  Non-class:     12.18 MB capacity,    12.02 MB ( 99%) used,   135.42 KB (  1%) free+waste,    29.69 KB ( <1%) overhead. 
      Class:      1.68 MB capacity,     1.54 MB ( 92%) used,   122.16 KB (  7%) free+waste,    17.25 KB (  1%) overhead. 
       Both:     13.86 MB capacity,    13.56 MB ( 98%) used,   257.58 KB (  2%) free+waste,    46.94 KB ( <1%) overhead. 

Virtual space:
  Non-class space:       14.00 MB reserved,      12.25 MB ( 88%) committed 
      Class space:        1.00 GB reserved,       1.75 MB ( <1%) committed 
             Both:        1.01 GB reserved,      14.00 MB (  1%) committed 

Chunk freelists:
   Non-Class:  11.00 KB
       Class:  8.00 KB
        Both:  19.00 KB

MaxMetaspaceSize: 17179869184.00 GB
CompressedClassSpaceSize: 1.00 GB

CodeHeap 'non-profiled nmethods': size=120000Kb used=739Kb max_used=739Kb free=119261Kb
 bounds [0x00000267d1210000, 0x00000267d1480000, 0x00000267d8740000]
CodeHeap 'profiled nmethods': size=120000Kb used=4103Kb max_used=4103Kb free=115896Kb
 bounds [0x00000267c9ce0000, 0x00000267ca0f0000, 0x00000267d1210000]
CodeHeap 'non-nmethods': size=5760Kb used=1368Kb max_used=1381Kb free=4391Kb
 bounds [0x00000267c9740000, 0x00000267c99b0000, 0x00000267c9ce0000]
 total_blobs=2673 nmethods=2000 adapters=584
 compilation: enabled
              stopped_count=0, restarted_count=0
 full_count=0

Compilation events (20 events):
Event: 94.270 Thread 0x00000267df7b6800 1987       1       java.awt.Font::isTransformed (5 bytes)
Event: 94.270 Thread 0x00000267df7b6800 nmethod 1987 0x00000267d12c6f90 code [0x00000267d12c7120, 0x00000267d12c71f8]
Event: 94.276 Thread 0x00000267df7b6800 1989       3       javax.swing.plaf.basic.BasicButtonListener::mouseMoved (1 bytes)
Event: 94.276 Thread 0x00000267df7b6800 nmethod 1989 0x00000267ca0e0410 code [0x00000267ca0e05a0, 0x00000267ca0e06b8]
Event: 94.300 Thread 0x00000267df7b6800 1990       3       sun.java2d.pipe.AlphaColorPipe::renderPathTile (39 bytes)
Event: 94.301 Thread 0x00000267df7b6800 nmethod 1990 0x00000267ca0e0790 code [0x00000267ca0e0940, 0x00000267ca0e0c48]
Event: 94.301 Thread 0x00000267df7b6800 1992  s    3       java.awt.geom.Path2D$Float::getBounds2D (138 bytes)
Event: 94.301 Thread 0x00000267df7b6800 nmethod 1992 0x00000267ca0e0d90 code [0x00000267ca0e0f80, 0x00000267ca0e17b8]
Event: 94.302 Thread 0x00000267df7b6800 1993       1       java.awt.Font::getSize2D (5 bytes)
Event: 94.302 Thread 0x00000267df7b6800 nmethod 1993 0x00000267d12c7710 code [0x00000267d12c78a0, 0x00000267d12c7978]
Event: 94.302 Thread 0x00000267df7b6800 1994       1       java.awt.Font::getStyle (5 bytes)
Event: 94.302 Thread 0x00000267df7b6800 nmethod 1994 0x00000267d12c7a10 code [0x00000267d12c7ba0, 0x00000267d12c7c78]
Event: 94.302 Thread 0x00000267df7b0800 1995       4       java.awt.Rectangle::getX (6 bytes)
Event: 94.303 Thread 0x00000267df7b0800 nmethod 1995 0x00000267d12c7d10 code [0x00000267d12c7e80, 0x00000267d12c7ef8]
Event: 94.303 Thread 0x00000267df7b0800 1996       4       java.awt.Rectangle::getY (6 bytes)
Event: 94.303 Thread 0x00000267df7b0800 nmethod 1996 0x00000267d12c8010 code [0x00000267d12c8180, 0x00000267d12c81f8]
Event: 95.909 Thread 0x00000267df7b6800 1998       1       java.lang.invoke.MethodHandleImpl$IntrinsicMethodHandle::getTarget (5 bytes)
Event: 95.909 Thread 0x00000267df7b6800 nmethod 1998 0x00000267d12c8610 code [0x00000267d12c87a0, 0x00000267d12c8878]
Event: 95.909 Thread 0x00000267df7b6800 1999       3       java.lang.invoke.MethodHandleNatives::findMethodHandleType (7 bytes)
Event: 95.910 Thread 0x00000267df7b6800 nmethod 1999 0x00000267ca0e1a90 code [0x00000267ca0e1c20, 0x00000267ca0e1d28]

GC Heap History (2 events):
Event: 78.466 GC heap before
{Heap before GC invocations=0 (full 0):
 garbage-first heap   total 131072K, used 14336K [0x0000000081600000, 0x0000000100000000)
  region size 1024K, 13 young (13312K), 0 survivors (0K)
 Metaspace       used 12682K, capacity 12979K, committed 13184K, reserved 1060864K
  class space    used 1470K, capacity 1614K, committed 1664K, reserved 1048576K
}
Event: 78.479 GC heap after
{Heap after GC invocations=1 (full 0):
 garbage-first heap   total 131072K, used 4884K [0x0000000081600000, 0x0000000100000000)
  region size 1024K, 2 young (2048K), 2 survivors (2048K)
 Metaspace       used 12682K, capacity 12979K, committed 13184K, reserved 1060864K
  class space    used 1470K, capacity 1614K, committed 1664K, reserved 1048576K
}

Deoptimization events (20 events):
Event: 13.081 Thread 0x00000267e0705800 Uncommon trap: trap_request=0xffffffbe fr.pc=0x00000267d1280f68 relative=0x0000000000000728
Event: 13.081 Thread 0x00000267e0705800 Uncommon trap: reason=profile_predicate action=maybe_recompile pc=0x00000267d1280f68 method=java.awt.LinearGradientPaintContext.fillRaster([IIIIIII)V @ 53 c2
Event: 13.081 Thread 0x00000267e0705800 DEOPT PACKING pc=0x00000267d1280f68 sp=0x000000f31aafd370
Event: 13.081 Thread 0x00000267e0705800 DEOPT UNPACKING pc=0x00000267c978912f sp=0x000000f31aafd328 mode 2
Event: 14.389 Thread 0x00000267e04c6800 Uncommon trap: trap_request=0xffffff45 fr.pc=0x00000267d127c3e0 relative=0x00000000000001a0
Event: 14.389 Thread 0x00000267e04c6800 Uncommon trap: reason=unstable_if action=reinterpret pc=0x00000267d127c3e0 method=java.util.concurrent.locks.ReentrantLock$NonfairSync.initialTryLock()Z @ 25 c2
Event: 14.389 Thread 0x00000267e04c6800 DEOPT PACKING pc=0x00000267d127c3e0 sp=0x000000f31a9fdba0
Event: 14.389 Thread 0x00000267e04c6800 DEOPT UNPACKING pc=0x00000267c978912f sp=0x000000f31a9fda80 mode 2
Event: 15.273 Thread 0x00000267e0705800 DEOPT PACKING pc=0x00000267c9f29c10 sp=0x000000f31aafd4a0
Event: 15.273 Thread 0x00000267e0705800 DEOPT UNPACKING pc=0x00000267c978964e sp=0x000000f31aafc880 mode 0
Event: 16.764 Thread 0x00000267e0705800 DEOPT PACKING pc=0x00000267c9f9692b sp=0x000000f31aafd630
Event: 16.764 Thread 0x00000267e0705800 DEOPT UNPACKING pc=0x00000267c978964e sp=0x000000f31aafc9c0 mode 0
Event: 67.152 Thread 0x00000267e0705800 DEOPT PACKING pc=0x00000267c9f3cd62 sp=0x000000f31aafd710
Event: 67.152 Thread 0x00000267e0705800 DEOPT UNPACKING pc=0x00000267c978964e sp=0x000000f31aafcb50 mode 0
Event: 78.327 Thread 0x00000267e0705800 Uncommon trap: trap_request=0xffffff45 fr.pc=0x00000267d128ca20 relative=0x0000000000000360
Event: 78.327 Thread 0x00000267e0705800 Uncommon trap: reason=unstable_if action=reinterpret pc=0x00000267d128ca20 method=java.security.AccessControlContext.optimize()Ljava/security/AccessControlContext; @ 221 c2
Event: 78.327 Thread 0x00000267e0705800 DEOPT PACKING pc=0x00000267d128ca20 sp=0x000000f31aafc860
Event: 78.327 Thread 0x00000267e0705800 DEOPT UNPACKING pc=0x00000267c978912f sp=0x000000f31aafc7b8 mode 2
Event: 81.986 Thread 0x00000267e0705800 DEOPT PACKING pc=0x00000267ca028032 sp=0x000000f31aafbf50
Event: 81.986 Thread 0x00000267e0705800 DEOPT UNPACKING pc=0x00000267c978964e sp=0x000000f31aafb3b8 mode 0

Classes unloaded (0 events):
No events

Classes redefined (0 events):
No events

Internal exceptions (20 events):
Event: 0.767 Thread 0x00000267c0f9b800 Exception <a 'java/lang/ClassNotFoundException'{0x00000000891c96b8}: Tree> (0x00000000891c96b8) 
thrown [./open/src/hotspot/share/classfile/systemDictionary.cpp, line 226]
Event: 0.767 Thread 0x00000267c0f9b800 Exception <a 'java/lang/ClassNotFoundException'{0x00000000891c9a28}: javax/swing/JTreeCell> (0x00000000891c9a28) 
thrown [./open/src/hotspot/share/classfile/systemDictionary.cpp, line 226]
Event: 0.767 Thread 0x00000267c0f9b800 Exception <a 'java/lang/ClassNotFoundException'{0x00000000891c9d28}: TreeCell> (0x00000000891c9d28) 
thrown [./open/src/hotspot/share/classfile/systemDictionary.cpp, line 226]
Event: 0.768 Thread 0x00000267c0f9b800 Exception <a 'java/lang/ClassNotFoundException'{0x00000000891ca4e8}: RootPane> (0x00000000891ca4e8) 
thrown [./open/src/hotspot/share/classfile/systemDictionary.cpp, line 226]
Event: 0.771 Thread 0x00000267c0f9b800 Exception <a 'java/lang/ClassNotFoundException'{0x00000000891cd2d0}: com/sun/swing/internal/plaf/metal/resources/spi/metalProvider> (0x00000000891cd2d0) 
thrown [./open/src/hotspot/share/classfile/systemDictionary.cpp, line 226]
Event: 0.774 Thread 0x00000267c0f9b800 Exception <a 'java/lang/ClassNotFoundException'{0x00000000891d1350}: com/sun/swing/internal/plaf/basic/resources/spi/basicProvider> (0x00000000891d1350) 
thrown [./open/src/hotspot/share/classfile/systemDictionary.cpp, line 226]
Event: 0.813 Thread 0x00000267e0705800 Exception <a 'java/lang/ClassNotFoundException'{0x00000000890a00f0}: com/sun/swing/internal/plaf/synth/resources/spi/synthProvider> (0x00000000890a00f0) 
thrown [./open/src/hotspot/share/classfile/systemDictionary.cpp, line 226]
Event: 1.095 Thread 0x00000267e0705800 Exception <a 'java/lang/NoSuchMethodError'{0x0000000088fa2908}: 'void java.lang.invoke.DirectMethodHandle$Holder.invokeStaticInit(java.lang.Object)'> (0x0000000088fa2908) 
thrown [./open/src/hotspot/share/interpreter/linkResolver.cpp, line 766]
Event: 1.108 Thread 0x00000267e0705800 Exception <a 'java/lang/NoSuchMethodError'{0x0000000088fc9790}: 'java.lang.Object java.lang.invoke.Invokers$Holder.linkToTargetMethod(java.lang.Object, int, java.lang.Object)'> (0x0000000088fc9790) 
thrown [./open/src/hotspot/share/interpreter/linkResolver.cpp, line 766]
Event: 13.081 Thread 0x00000267e0705800 Implicit null exception at 0x00000267d1280952 to 0x00000267d1280f2d
Event: 13.081 Thread 0x00000267e0705800 Implicit null exception at 0x00000267d1280952 to 0x00000267d1280f2d
Event: 13.081 Thread 0x00000267e0705800 Implicit null exception at 0x00000267d1280952 to 0x00000267d1280f2d
Event: 13.081 Thread 0x00000267e0705800 Implicit null exception at 0x00000267d1280952 to 0x00000267d1280f2d
Event: 78.332 Thread 0x00000267e0705800 Exception <a 'java/lang/NoSuchMethodError'{0x00000000889a0920}: 'int java.lang.invoke.DirectMethodHandle$Holder.invokeStaticInit(java.lang.Object, java.lang.Object, java.lang.Object, java.lang.Object)'> (0x00000000889a0920) 
thrown [./open/src/hotspot/share/interpreter/linkResolver.cpp, line 766]
Event: 78.336 Thread 0x00000267e0705800 Exception <a 'java/lang/IncompatibleClassChangeError'{0x00000000889a93f8}: Found class java.lang.Object, but interface was expected> (0x00000000889a93f8) 
thrown [./open/src/hotspot/share/interpreter/linkResolver.cpp, line 832]
Event: 78.338 Thread 0x00000267e0705800 Exception <a 'java/lang/NoSuchMethodError'{0x00000000889ac298}: 'void java.lang.invoke.DirectMethodHandle$Holder.invokeStaticInit(java.lang.Object, java.lang.Object)'> (0x00000000889ac298) 
thrown [./open/src/hotspot/share/interpreter/linkResolver.cpp, line 766]
Event: 78.341 Thread 0x00000267e0705800 Exception <a 'java/lang/NoSuchMethodError'{0x00000000889b1078}: 'int java.lang.invoke.DirectMethodHandle$Holder.invokeStaticInit(java.lang.Object, java.lang.Object)'> (0x00000000889b1078) 
thrown [./open/src/hotspot/share/interpreter/linkResolver.cpp, line 766]
Event: 95.907 Thread 0x00000267e0487000 Exception <a 'java/lang/NoSuchMethodError'{0x000000008907ddb0}: 'void java.lang.invoke.DirectMethodHandle$Holder.invokeStatic(java.lang.Object, long)'> (0x000000008907ddb0) 
thrown [./open/src/hotspot/share/interpreter/linkResolver.cpp, line 766]
Event: 95.910 Thread 0x00000267e0487000 Exception <a 'java/lang/NoSuchMethodError'{0x0000000089087e98}: 'java.lang.Object java.lang.invoke.DirectMethodHandle$Holder.invokeStaticInit(java.lang.Object, java.lang.Object, long, java.lang.Object)'> (0x0000000089087e98) 
thrown [./open/src/hotspot/share/interpreter/linkResolver.cpp, line 766]
Event: 95.911 Thread 0x00000267e0487000 Exception <a 'java/lang/NoSuchMethodError'{0x000000008908d6e0}: 'java.lang.Object java.lang.invoke.Invokers$Holder.linkToTargetMethod(java.lang.Object, long, java.lang.Object)'> (0x000000008908d6e0) 
thrown [./open/src/hotspot/share/interpreter/linkResolver.cpp, line 766]

Events (20 events):
Event: 95.909 Executing VM operation: HandshakeOneThread done
Event: 95.911 Executing VM operation: HandshakeOneThread
Event: 95.911 Executing VM operation: HandshakeOneThread done
Event: 95.912 Executing VM operation: HandshakeOneThread
Event: 95.912 Executing VM operation: HandshakeOneThread done
Event: 95.912 loading class java/util/concurrent/SynchronousQueue
Event: 95.932 loading class java/util/concurrent/SynchronousQueue done
Event: 95.932 loading class java/util/concurrent/SynchronousQueue$TransferStack
Event: 95.932 loading class java/util/concurrent/SynchronousQueue$Transferer
Event: 95.932 loading class java/util/concurrent/SynchronousQueue$Transferer done
Event: 95.932 loading class java/util/concurrent/SynchronousQueue$TransferStack done
Event: 95.932 loading class java/util/concurrent/SynchronousQueue$TransferStack$SNode
Event: 95.933 loading class java/util/concurrent/SynchronousQueue$TransferStack$SNode done
Event: 95.933 loading class java/lang/ProcessImpl$2
Event: 95.933 loading class java/lang/ProcessImpl$2 done
Event: 95.933 loading class java/lang/Process$PipeInputStream
Event: 95.933 loading class java/lang/Process$PipeInputStream done
Event: 95.934 Thread 0x00000267e0487000 Thread exited: 0x00000267e0487000
Event: 95.961 Thread 0x00000267e0429000 Thread exited: 0x00000267e0429000
Event: 95.972 Executing VM operation: Exit


Dynamic libraries:
0x00007ff6c97b0000 - 0x00007ff6c97bf000 	C:\Program Files\Java\jdk-14.0.2\bin\java.exe
0x00007ffe07c40000 - 0x00007ffe07e30000 	C:\WINDOWS\SYSTEM32\ntdll.dll
0x00007ffe06be0000 - 0x00007ffe06c92000 	C:\WINDOWS\System32\KERNEL32.DLL
0x00007ffe04be0000 - 0x00007ffe04e85000 	C:\WINDOWS\System32\KERNELBASE.dll
0x00007ffe05120000 - 0x00007ffe0521a000 	C:\WINDOWS\System32\ucrtbase.dll
0x00007ffdf11a0000 - 0x00007ffdf11b5000 	C:\Program Files\Java\jdk-14.0.2\bin\VCRUNTIME140.dll
0x00007ffded7c0000 - 0x00007ffded7d8000 	C:\Program Files\Java\jdk-14.0.2\bin\jli.dll
0x00007ffe06dc0000 - 0x00007ffe06e63000 	C:\WINDOWS\System32\ADVAPI32.dll
0x00007ffe07680000 - 0x00007ffe0771e000 	C:\WINDOWS\System32\msvcrt.dll
0x00007ffe05da0000 - 0x00007ffe05e37000 	C:\WINDOWS\System32\sechost.dll
0x00007ffe06ca0000 - 0x00007ffe06dbf000 	C:\WINDOWS\System32\RPCRT4.dll
0x00007ffe06e70000 - 0x00007ffe07004000 	C:\WINDOWS\System32\USER32.dll
0x00007ffe05c00000 - 0x00007ffe05c21000 	C:\WINDOWS\System32\win32u.dll
0x00007ffe07010000 - 0x00007ffe07036000 	C:\WINDOWS\System32\GDI32.dll
0x00007ffe04ee0000 - 0x00007ffe05078000 	C:\WINDOWS\System32\gdi32full.dll
0x00007ffe05080000 - 0x00007ffe0511e000 	C:\WINDOWS\System32\msvcp_win.dll
0x00007ffde73c0000 - 0x00007ffde7644000 	C:\WINDOWS\WinSxS\amd64_microsoft.windows.common-controls_6595b64144ccf1df_6.0.18362.1316_none_9e7a364fe461dbd7\COMCTL32.dll
0x00007ffe06640000 - 0x00007ffe06977000 	C:\WINDOWS\System32\combase.dll
0x00007ffe05c30000 - 0x00007ffe05cb1000 	C:\WINDOWS\System32\bcryptPrimitives.dll
0x00007ffdfcfa0000 - 0x00007ffdfcfaa000 	C:\WINDOWS\SYSTEM32\VERSION.dll
0x00007ffe07040000 - 0x00007ffe0706e000 	C:\WINDOWS\System32\IMM32.DLL
0x00007ffded350000 - 0x00007ffded3eb000 	C:\Program Files\Java\jdk-14.0.2\bin\msvcp140.dll
0x00007ffd8d6e0000 - 0x00007ffd8e1fe000 	C:\Program Files\Java\jdk-14.0.2\bin\server\jvm.dll
0x00007ffe06980000 - 0x00007ffe06988000 	C:\WINDOWS\System32\PSAPI.DLL
0x00007ffdf11c0000 - 0x00007ffdf11c9000 	C:\WINDOWS\SYSTEM32\WSOCK32.dll
0x00007ffe07720000 - 0x00007ffe0778f000 	C:\WINDOWS\System32\WS2_32.dll
0x00007ffe00a70000 - 0x00007ffe00a94000 	C:\WINDOWS\SYSTEM32\WINMM.dll
0x00007ffe00a40000 - 0x00007ffe00a6d000 	C:\WINDOWS\SYSTEM32\WINMMBASE.dll
0x00007ffe04e90000 - 0x00007ffe04eda000 	C:\WINDOWS\System32\cfgmgr32.dll
0x00007ffe04ad0000 - 0x00007ffe04ae1000 	C:\WINDOWS\System32\kernel.appcore.dll
0x00007ffdedcb0000 - 0x00007ffdedcba000 	C:\Program Files\Java\jdk-14.0.2\bin\jimage.dll
0x00007ffe033c0000 - 0x00007ffe035b4000 	C:\WINDOWS\SYSTEM32\DBGHELP.DLL
0x00007ffdeadf0000 - 0x00007ffdeae1a000 	C:\WINDOWS\SYSTEM32\dbgcore.DLL
0x00007ffdedc50000 - 0x00007ffdedc75000 	C:\Program Files\Java\jdk-14.0.2\bin\java.dll
0x00007ffdedc30000 - 0x00007ffdedc46000 	C:\Program Files\Java\jdk-14.0.2\bin\zip.dll
0x00007ffe05f50000 - 0x00007ffe06638000 	C:\WINDOWS\System32\SHELL32.dll
0x00007ffe05e40000 - 0x00007ffe05ee7000 	C:\WINDOWS\System32\shcore.dll
0x00007ffe05330000 - 0x00007ffe05aab000 	C:\WINDOWS\System32\windows.storage.dll
0x00007ffe04b40000 - 0x00007ffe04b63000 	C:\WINDOWS\System32\profapi.dll
0x00007ffe04af0000 - 0x00007ffe04b3a000 	C:\WINDOWS\System32\powrprof.dll
0x00007ffe04ac0000 - 0x00007ffe04ad0000 	C:\WINDOWS\System32\UMPDC.dll
0x00007ffe05ef0000 - 0x00007ffe05f42000 	C:\WINDOWS\System32\shlwapi.dll
0x00007ffe04b90000 - 0x00007ffe04ba7000 	C:\WINDOWS\System32\cryptsp.dll
0x00007ffded580000 - 0x00007ffded599000 	C:\Program Files\Java\jdk-14.0.2\bin\net.dll
0x00007ffdf37d0000 - 0x00007ffdf38c0000 	C:\WINDOWS\SYSTEM32\WINHTTP.dll
0x00007ffe04300000 - 0x00007ffe04367000 	C:\WINDOWS\system32\mswsock.dll
0x00007ffded560000 - 0x00007ffded572000 	C:\Program Files\Java\jdk-14.0.2\bin\nio.dll
0x00007ffdaf260000 - 0x00007ffdaf3f9000 	C:\Program Files\Java\jdk-14.0.2\bin\awt.dll
0x00007ffe05cc0000 - 0x00007ffe05d85000 	C:\WINDOWS\System32\OLEAUT32.dll
0x00007ffe020f0000 - 0x00007ffe0217f000 	C:\WINDOWS\SYSTEM32\apphelp.dll
0x00007ffe02230000 - 0x00007ffe022c9000 	C:\WINDOWS\system32\uxtheme.dll
0x00007ffe07070000 - 0x00007ffe071a5000 	C:\WINDOWS\System32\MSCTF.dll
0x00007ffdc1c80000 - 0x00007ffdc1d8e000 	C:\Program Files (x86)\Razer\Razer Cortex\x64\k_fps64.dll
0x00007ffdc2320000 - 0x00007ffdc239f000 	C:\Program Files (x86)\Razer\Razer Cortex\x64\d3dx10_43.dll
0x00007ffdc2930000 - 0x00007ffdc2987000 	C:\Program Files (x86)\Razer\Razer Cortex\x64\EasyHook64.dll
0x00007ffdb8730000 - 0x00007ffdb899f000 	C:\Program Files (x86)\Razer\Razer Cortex\x64\D3DCOMPILER_43.dll
0x00007ffe069b0000 - 0x00007ffe06b07000 	C:\WINDOWS\System32\ole32.dll
0x00007ffdb84c0000 - 0x00007ffdb8723000 	C:\Program Files (x86)\Razer\Razer Cortex\x64\d3dx9_43.dll
0x00007ffdd8320000 - 0x00007ffdd8476000 	C:\WINDOWS\SYSTEM32\OPENGL32.dll
0x00007ffdd7350000 - 0x00007ffdd737c000 	C:\WINDOWS\SYSTEM32\GLU32.dll
0x00007ffe03700000 - 0x00007ffe03720000 	C:\WINDOWS\SYSTEM32\dxcore.dll
0x00007ffe02dc0000 - 0x00007ffe02ded000 	C:\WINDOWS\system32\DWMAPI.DLL
0x00007ffdb5a20000 - 0x00007ffdb5aa2000 	C:\Program Files\Java\jdk-14.0.2\bin\freetype.dll
0x00007ffdb5010000 - 0x00007ffdb50b6000 	C:\Program Files\Java\jdk-14.0.2\bin\fontmanager.dll
0x00007ffdef950000 - 0x00007ffdef9ed000 	C:\WINDOWS\System32\TextInputFramework.dll
0x00007ffe01ee0000 - 0x00007ffe01fb4000 	C:\WINDOWS\System32\CoreMessaging.dll
0x00007ffdff810000 - 0x00007ffdffb3a000 	C:\WINDOWS\System32\CoreUIComponents.dll
0x00007ffe03b00000 - 0x00007ffe03b31000 	C:\WINDOWS\SYSTEM32\ntmarta.dll
0x00007ffdffb40000 - 0x00007ffdffc92000 	C:\WINDOWS\SYSTEM32\wintypes.dll
0x00007ffdee420000 - 0x00007ffdee6c7000 	C:\WINDOWS\System32\iertutil.dll
0x00007ffdedca0000 - 0x00007ffdedcb0000 	C:\Program Files\Java\jdk-14.0.2\bin\verify.dll
0x0000000064390000 - 0x0000000064461000 	C:\Users\anind\AppData\Local\Temp\javacpp47810206777800\msvcr100.dll
0x00000000642f0000 - 0x0000000064388000 	C:\Users\anind\AppData\Local\Temp\javacpp47810206777800\msvcp100.dll
0x0000000066840000 - 0x00000000676b4000 	C:\Users\anind\AppData\Local\Temp\javacpp47810206777800\opencv_ffmpeg248_64.dll
0x00007ffdb3f70000 - 0x00007ffdb41e2000 	C:\Users\anind\AppData\Local\Temp\javacpp47810206777800\opencv_core248.dll
0x00007ffdad480000 - 0x00007ffdad732000 	C:\Users\anind\AppData\Local\Temp\javacpp47810206777800\opencv_imgproc248.dll
0x00007ffdb51c0000 - 0x00007ffdb540d000 	C:\Users\anind\AppData\Local\Temp\javacpp47810206777800\opencv_highgui248.dll
0x00007ffdecea0000 - 0x00007ffdecec9000 	C:\WINDOWS\SYSTEM32\MSVFW32.dll
0x00007ffdebcf0000 - 0x00007ffdebd08000 	C:\WINDOWS\SYSTEM32\AVICAP32.dll
0x00007ffdebb80000 - 0x00007ffdebba0000 	C:\WINDOWS\SYSTEM32\AVIFIL32.dll
0x00007ffdd6740000 - 0x00007ffdd675c000 	C:\WINDOWS\SYSTEM32\MSACM32.dll
0x00007ffdebb60000 - 0x00007ffdebb73000 	C:\Users\anind\AppData\Local\Temp\javacpp47810206777800\jniopencv_highgui.dll
0x00007ffdea5d0000 - 0x00007ffdea5e8000 	C:\Windows\System32\devenum.dll
0x00007ffe071b0000 - 0x00007ffe07620000 	C:\WINDOWS\System32\setupapi.dll
0x00007ffe04bb0000 - 0x00007ffe04bd6000 	C:\WINDOWS\System32\bcrypt.dll
0x00007ffe048a0000 - 0x00007ffe048ca000 	C:\WINDOWS\SYSTEM32\DEVOBJ.dll
0x00007ffe052d0000 - 0x00007ffe0532c000 	C:\WINDOWS\System32\WINTRUST.dll
0x00007ffe04b70000 - 0x00007ffe04b82000 	C:\WINDOWS\System32\MSASN1.dll
0x00007ffe05ab0000 - 0x00007ffe05bfa000 	C:\WINDOWS\System32\CRYPT32.dll
0x00007ffdfe0b0000 - 0x00007ffdfe0bb000 	C:\WINDOWS\SYSTEM32\msdmo.dll
0x00007ffdcc920000 - 0x00007ffdcc954000 	C:\Windows\System32\qcap.dll
0x00007ffdaed80000 - 0x00007ffdaef44000 	C:\Windows\System32\quartz.dll
0x00007ffdcc760000 - 0x00007ffdcc7ac000 	C:\Windows\System32\mfksproxy.dll
0x00007ffde0010000 - 0x00007ffde002c000 	C:\Windows\System32\ATL.DLL
0x00007ffdd4b00000 - 0x00007ffdd4cfa000 	C:\Windows\System32\MFPlat.DLL
0x00007ffdfd730000 - 0x00007ffdfd75f000 	C:\Windows\System32\RTWorkQ.DLL
0x00007ffdc1d90000 - 0x00007ffdc217c000 	C:\Windows\System32\MFCORE.dll
0x00007ffde7b00000 - 0x00007ffde7b09000 	C:\Windows\System32\ksuser.dll
0x00007ffe044d0000 - 0x00007ffe044dc000 	C:\Windows\System32\CRYPTBASE.DLL
0x00007ffdc8020000 - 0x00007ffdc8075000 	C:\Windows\System32\FSClient.dll
0x00007ffe01730000 - 0x00007ffe0198b000 	C:\Windows\System32\d3d11.dll
0x00007ffe03860000 - 0x00007ffe0394b000 	C:\Windows\System32\dxgi.dll
0x00007ffdc7fc0000 - 0x00007ffdc801c000 	C:\Windows\System32\MFSENSORGROUP.dll
0x00007ffdfffd0000 - 0x00007ffdfffda000 	C:\Windows\System32\AVRT.dll
0x00007ffded7b0000 - 0x00007ffded7bd000 	C:\Windows\System32\vidcap.ax
0x00007ffdd24b0000 - 0x00007ffdd24d6000 	C:\Windows\System32\kswdmcap.ax
0x00007ffdae770000 - 0x00007ffdae8d2000 	C:\Windows\System32\MFC42.dll
0x00007ffdc2990000 - 0x00007ffdc2ac9000 	C:\Windows\System32\MFReadWrite.dll
0x00007ffdae6c0000 - 0x00007ffdae761000 	C:\Windows\System32\qedit.dll
0x00007ffe06b10000 - 0x00007ffe06be0000 	C:\WINDOWS\System32\COMDLG32.dll
0x00007ffdfed60000 - 0x00007ffdfef03000 	C:\WINDOWS\WinSxS\amd64_microsoft.windows.gdiplus_6595b64144ccf1df_1.1.18362.1316_none_cf6529353ef455a5\gdiplus.dll
0x00007ffdc2180000 - 0x00007ffdc2277000 	C:\Windows\System32\DDRAW.dll
0x00007ffde7b10000 - 0x00007ffde7b18000 	C:\Windows\System32\DCIMAN32.dll
0x00007ffded430000 - 0x00007ffded43c000 	C:\WINDOWS\SYSTEM32\msyuv.dll
0x00007ffdae280000 - 0x00007ffdae31a000 	C:\Users\anind\AppData\Local\Temp\javacpp47810206777800\jniopencv_core.dll

dbghelp: loaded successfully - version: 4.0.5 - missing functions: none
symbol engine: initialized successfully - sym options: 0x614 - pdb path: .;C:\Program Files\Java\jdk-14.0.2\bin;C:\WINDOWS\SYSTEM32;C:\WINDOWS\WinSxS\amd64_microsoft.windows.common-controls_6595b64144ccf1df_6.0.18362.1316_none_9e7a364fe461dbd7;C:\Program Files\Java\jdk-14.0.2\bin\server;C:\Program Files (x86)\Razer\Razer Cortex\x64;C:\Users\anind\AppData\Local\Temp\javacpp47810206777800;C:\WINDOWS\WinSxS\amd64_microsoft.windows.gdiplus_6595b64144ccf1df_1.1.18362.1316_none_cf6529353ef455a5

VM Arguments:
jvm_args: -Dfile.encoding=UTF-8 --module-path=D:\SoftWare Engg\eMeds\build\classes 
java_command: UploadMedicalRecords
java_class_path (initial): D:\SoftWare Engg\javacv-0\javacv-bin\javacpp.jar;D:\SoftWare Engg\javacv-0\javacv-bin\javacv-android-arm.jar;D:\SoftWare Engg\javacv-0\javacv-bin\javacv-linux-x86.jar;D:\SoftWare Engg\javacv-0\javacv-bin\javacv-linux-x86_64.jar;D:\SoftWare Engg\javacv-0\javacv-bin\javacv-macosx-x86_64.jar;D:\SoftWare Engg\javacv-0\javacv-bin\javacv-windows-x86.jar;D:\SoftWare Engg\javacv-0\javacv-bin\javacv-windows-x86_64.jar;D:\SoftWare Engg\javacv-0\javacv-bin\javacv.jar;D:\SoftWare Engg\javacv-0 2\javacv-cppjars\ffmpeg-2.1.1-android-arm.jar;D:\SoftWare Engg\javacv-0 2\javacv-cppjars\ffmpeg-2.1.1-linux-x86.jar;D:\SoftWare Engg\javacv-0 2\javacv-cppjars\ffmpeg-2.1.1-linux-x86_64.jar;D:\SoftWare Engg\javacv-0 2\javacv-cppjars\ffmpeg-2.1.1-macosx-x86_64.jar;D:\SoftWare Engg\javacv-0 2\javacv-cppjars\ffmpeg-2.1.1-windows-x86.jar;D:\SoftWare Engg\javacv-0 2\javacv-cppjars\ffmpeg-2.1.1-windows-x86_64.jar;D:\SoftWare Engg\javacv-0 2\javacv-cppjars\opencv-2.4.8-android-arm.jar;D:\SoftWare Engg\javacv-0 2\javacv-cppjars\opencv-2.4.8-linux-x86.jar;D:\SoftWare Engg\javacv-0 2\javacv-cppjars\opencv-2.4.8-linux-x86_64.jar;D:\SoftWare Engg\javacv-0 2\javacv-cppjars\opencv-2.4.8-macosx-x86_64.jar;D:\SoftWare Engg\javacv-0 2\javacv-cppjars\opencv-2.4.8-windows-x86.jar;D:\SoftWare Engg\javacv-0 2\javacv-cppjars\opencv-2.4.8-windows-x86_64.jar;D:\SoftWare Engg\eMeds\build\classes
Launcher Type: SUN_STANDARD

[Global flags]
     intx CICompilerCount                          = 3                                         {product} {ergonomic}
     uint ConcGCThreads                            = 1                                         {product} {ergonomic}
     uint G1ConcRefinementThreads                  = 4                                         {product} {ergonomic}
   size_t G1HeapRegionSize                         = 1048576                                   {product} {ergonomic}
    uintx GCDrainStackTargetSize                   = 64                                        {product} {ergonomic}
   size_t InitialHeapSize                          = 134217728                                 {product} {ergonomic}
   size_t MarkStackSize                            = 4194304                                   {product} {ergonomic}
   size_t MaxHeapSize                              = 2124414976                                {product} {ergonomic}
   size_t MaxNewSize                               = 1274019840                                {product} {ergonomic}
   size_t MinHeapDeltaBytes                        = 1048576                                   {product} {ergonomic}
   size_t MinHeapSize                              = 8388608                                   {product} {ergonomic}
    uintx NonNMethodCodeHeapSize                   = 5832780                                {pd product} {ergonomic}
    uintx NonProfiledCodeHeapSize                  = 122912730                              {pd product} {ergonomic}
    uintx ProfiledCodeHeapSize                     = 122912730                              {pd product} {ergonomic}
    uintx ReservedCodeCacheSize                    = 251658240                              {pd product} {ergonomic}
     bool SegmentedCodeCache                       = true                                      {product} {ergonomic}
   size_t SoftMaxHeapSize                          = 2124414976                             {manageable} {ergonomic}
     bool UseCompressedClassPointers               = true                                 {lp64_product} {ergonomic}
     bool UseCompressedOops                        = true                                 {lp64_product} {ergonomic}
     bool UseG1GC                                  = true                                      {product} {ergonomic}
     bool UseLargePagesIndividualAllocation        = false                                  {pd product} {ergonomic}

Logging:
Log output configuration:
 #0: stdout all=off uptime,level,tags
 #1: stderr all=off uptime,level,tags

Environment Variables:
JAVA_HOME=C:\Program Files\Java\jdk-14.0.2
PATH=C:\WINDOWS\system32;C:\WINDOWS;C:\WINDOWS\System32\Wbem;C:\WINDOWS\System32\WindowsPowerShell\v1.0\;C:\WINDOWS\System32\OpenSSH\;C:\MinGW\bin;C:\Program Files\dotnet\;C:\Program Files\nodejs\;C:\Program Files\Java\jdk-14.0.2\bin;C:\Program Files\Git\cmd;D:\Git LFS;C:\Users\anind\AppData\Local\Programs\AdoptOpenJDK\bin;C:\Users\anind\AppData\Local\Programs\Python\Python35\Scripts\;C:\Users\anind\AppData\Local\Programs\Python\Python35\;C:\Users\anind\AppData\Local\Programs\Python\Python37-32\Scripts\;C:\Users\anind\AppData\Local\Programs\Python\Python37-32\;C:\Users\anind\AppData\Local\Microsoft\WindowsApps;C:\Users\anind\AppData\Local\GitHubDesktop\bin;D:\Microsoft VS Code\bin;C:\Users\anind\AppData\Roaming\npm
USERNAME=anind
OS=Windows_NT
PROCESSOR_IDENTIFIER=Intel64 Family 6 Model 142 Stepping 9, GenuineIntel



---------------  S Y S T E M  ---------------

OS: Windows 10 , 64 bit Build 18362 (10.0.18362.1316)
OS uptime: 0 days 13:17 hours

CPU:total 4 (initial active 4) (2 cores per cpu, 2 threads per core) family 6 model 142 stepping 9, cmov, cx8, fxsr, mmx, sse, sse2, sse3, ssse3, sse4.1, sse4.2, popcnt, avx, avx2, aes, clmul, erms, 3dnowpref, lzcnt, ht, tsc, tscinvbit, bmi1, bmi2, adx, fma

Memory: 4k page, system-wide physical 8103M (1158M free)
TotalPageFile size 12384M (AvailPageFile size 1869M)
current process WorkingSet (physical memory assigned to process): 93M, peak: 100M
current process commit charge ("private bytes"): 243M, peak: 252M

vm_info: Java HotSpot(TM) 64-Bit Server VM (14.0.2+12-46) for windows-amd64 JRE (14.0.2+12-46), built on Jul  9 2020 00:35:52 by "mach5one" with MS VC++ 15.9 (VS2017)

END.
